<?xml version="1.0" encoding="utf-8"?><testsuites name="pytest tests"><testsuite name="pytest" errors="0" failures="0" skipped="0" tests="11" time="2.020" timestamp="2026-04-14T23:23:06.327494+00:00" hostname="agent-env-fdc4a7d3-2b4c-4e79-938b-478e1dcc5a3f"><testcase classname="backend.tests.test_iteration5_new_features.TestAISettings" name="test_get_ai_settings_returns_default" time="0.239" /><testcase classname="backend.tests.test_iteration5_new_features.TestAISettings" name="test_put_ai_settings_saves_correctly" time="0.394" /><testcase classname="backend.tests.test_iteration5_new_features.TestDigitalGuidesAgent" name="test_list_guides_returns_empty_or_list" time="0.107" /><testcase classname="backend.tests.test_iteration5_new_features.TestDigitalGuidesAgent" name="test_delete_guide_nonexistent_returns_404" time="0.178" /><testcase classname="backend.tests.test_iteration5_new_features.TestAffiliateFinderAgent" name="test_list_affiliates_returns_empty_or_list" time="0.126" /><testcase classname="backend.tests.test_iteration5_new_features.TestAffiliateFinderAgent" name="test_delete_affiliate_nonexistent_returns_404" time="0.113" /><testcase classname="backend.tests.test_iteration5_new_features.TestRegressionExistingEndpoints" name="test_get_folders_still_works" time="0.165" /><testcase classname="backend.tests.test_iteration5_new_features.TestRegressionExistingEndpoints" name="test_get_content_items_still_works" time="0.129" /><testcase classname="backend.tests.test_iteration5_new_features.TestRegressionExistingEndpoints" name="test_get_marketing_dna_still_works" time="0.151" /><testcase classname="backend.tests.test_iteration5_new_features.TestRegressionExistingEndpoints" name="test_backup_export_still_works" time="0.119" /><testcase classname="backend.tests.test_iteration5_new_features.TestManifestAndPWA" name="test_manifest_json_still_served" time="0.108" /></testsuite></testsuites>