<?xml version="1.0" encoding="utf-8"?><testsuites name="pytest tests"><testsuite name="pytest" errors="0" failures="0" skipped="0" tests="13" time="3.130" timestamp="2026-04-15T00:02:00.452402+00:00" hostname="agent-env-fdc4a7d3-2b4c-4e79-938b-478e1dcc5a3f"><testcase classname="backend.tests.test_iteration6_calendar_trends.TestCalendarScheduling" name="test_create_scheduled_post" time="0.252" /><testcase classname="backend.tests.test_iteration6_calendar_trends.TestCalendarScheduling" name="test_list_scheduled_posts" time="0.168" /><testcase classname="backend.tests.test_iteration6_calendar_trends.TestCalendarScheduling" name="test_list_scheduled_posts_filter_by_month" time="0.166" /><testcase classname="backend.tests.test_iteration6_calendar_trends.TestCalendarScheduling" name="test_mark_scheduled_post_done" time="0.619" /><testcase classname="backend.tests.test_iteration6_calendar_trends.TestCalendarScheduling" name="test_delete_scheduled_post" time="0.461" /><testcase classname="backend.tests.test_iteration6_calendar_trends.TestCalendarScheduling" name="test_delete_nonexistent_scheduled_post" time="0.133" /><testcase classname="backend.tests.test_iteration6_calendar_trends.TestPushNotifications" name="test_get_vapid_key" time="0.122" /><testcase classname="backend.tests.test_iteration6_calendar_trends.TestTrendFinder" name="test_list_trends_empty_initially" time="0.103" /><testcase classname="backend.tests.test_iteration6_calendar_trends.TestTrendFinder" name="test_delete_nonexistent_trend" time="0.226" /><testcase classname="backend.tests.test_iteration6_calendar_trends.TestRegressions" name="test_folders_returns_4" time="0.170" /><testcase classname="backend.tests.test_iteration6_calendar_trends.TestRegressions" name="test_content_items_works" time="0.153" /><testcase classname="backend.tests.test_iteration6_calendar_trends.TestRegressions" name="test_ai_settings_returns_provider" time="0.100" /><testcase classname="backend.tests.test_iteration6_calendar_trends.TestRegressions" name="test_backup_export_works" time="0.364" /></testsuite></testsuites>