<?xml version="1.0" encoding="utf-8"?><testsuites name="pytest tests"><testsuite name="pytest" errors="0" failures="0" skipped="0" tests="15" time="2.673" timestamp="2026-04-14T21:12:43.106628+00:00" hostname="agent-env-fdc4a7d3-2b4c-4e79-938b-478e1dcc5a3f"><testcase classname="backend.tests.test_pwa_and_apis.TestPWAFiles" name="test_manifest_json_accessible" time="0.319" /><testcase classname="backend.tests.test_pwa_and_apis.TestPWAFiles" name="test_service_worker_accessible" time="0.140" /><testcase classname="backend.tests.test_pwa_and_apis.TestPWAFiles" name="test_icon_192_accessible" time="0.112" /><testcase classname="backend.tests.test_pwa_and_apis.TestPWAFiles" name="test_icon_512_accessible" time="0.120" /><testcase classname="backend.tests.test_pwa_and_apis.TestPWAFiles" name="test_apple_touch_icon_accessible" time="0.123" /><testcase classname="backend.tests.test_pwa_and_apis.TestBackendAPIs" name="test_api_root" time="0.114" /><testcase classname="backend.tests.test_pwa_and_apis.TestBackendAPIs" name="test_get_folders" time="0.114" /><testcase classname="backend.tests.test_pwa_and_apis.TestBackendAPIs" name="test_get_content_items" time="0.101" /><testcase classname="backend.tests.test_pwa_and_apis.TestBackendAPIs" name="test_get_content_items_with_folder_filter" time="0.111" /><testcase classname="backend.tests.test_pwa_and_apis.TestBackendAPIs" name="test_get_marketing_dna" time="0.240" /><testcase classname="backend.tests.test_pwa_and_apis.TestBackendAPIs" name="test_search_endpoint" time="0.120" /><testcase classname="backend.tests.test_pwa_and_apis.TestBackendAPIs" name="test_daily_snack" time="0.101" /><testcase classname="backend.tests.test_pwa_and_apis.TestBackendAPIs" name="test_history_endpoint" time="0.118" /><testcase classname="backend.tests.test_pwa_and_apis.TestBackendAPIs" name="test_bulk_export" time="0.146" /><testcase classname="backend.tests.test_pwa_and_apis.TestBackendAPIs" name="test_content_crud_create_and_delete" time="0.505" /></testsuite></testsuites>