<?xml version="1.0" encoding="utf-8"?><testsuites name="pytest tests"><testsuite name="pytest" errors="0" failures="0" skipped="0" tests="11" time="10.651" timestamp="2026-04-15T20:59:31.848375+00:00" hostname="agent-env-fdc4a7d3-2b4c-4e79-938b-478e1dcc5a3f"><testcase classname="backend.tests.test_iteration8_smart_import_strategist.TestSmartImport" name="test_smart_import_hebrew_text" time="4.338" /><testcase classname="backend.tests.test_iteration8_smart_import_strategist.TestSmartImport" name="test_smart_import_torah_content" time="2.245" /><testcase classname="backend.tests.test_iteration8_smart_import_strategist.TestSmartImport" name="test_smart_import_business_content" time="2.894" /><testcase classname="backend.tests.test_iteration8_smart_import_strategist.TestSmartImport" name="test_smart_import_empty_text_returns_400" time="0.132" /><testcase classname="backend.tests.test_iteration8_smart_import_strategist.TestSmartImport" name="test_smart_import_whitespace_only_returns_400" time="0.114" /><testcase classname="backend.tests.test_iteration8_smart_import_strategist.TestStrategistAgent" name="test_list_strategist_sessions" time="0.117" /><testcase classname="backend.tests.test_iteration8_smart_import_strategist.TestStrategistAgent" name="test_get_strategist_chat_nonexistent_session" time="0.145" /><testcase classname="backend.tests.test_iteration8_smart_import_strategist.TestStrategistAgent" name="test_delete_strategist_session" time="0.117" /><testcase classname="backend.tests.test_iteration8_smart_import_strategist.TestRegressionAPIs" name="test_get_folders_returns_folders_with_counts" time="0.125" /><testcase classname="backend.tests.test_iteration8_smart_import_strategist.TestRegressionAPIs" name="test_get_content_items_works" time="0.128" /><testcase classname="backend.tests.test_iteration8_smart_import_strategist.TestRegressionAPIs" name="test_backup_export_works" time="0.129" /></testsuite></testsuites>