<?xml version="1.0" encoding="utf-8"?><testsuites name="pytest tests"><testsuite name="pytest" errors="0" failures="0" skipped="0" tests="14" time="3.342" timestamp="2026-04-14T22:56:50.334928+00:00" hostname="agent-env-fdc4a7d3-2b4c-4e79-938b-478e1dcc5a3f"><testcase classname="backend.tests.test_backup_restore.TestBackupExport" name="test_backup_export_returns_correct_structure" time="0.287" /><testcase classname="backend.tests.test_backup_restore.TestBackupExport" name="test_backup_export_data_contains_required_keys" time="0.141" /><testcase classname="backend.tests.test_backup_restore.TestBackupExport" name="test_backup_export_counts_match_data" time="0.147" /><testcase classname="backend.tests.test_backup_restore.TestBackupRestore" name="test_restore_empty_data" time="0.195" /><testcase classname="backend.tests.test_backup_restore.TestBackupRestore" name="test_restore_new_content_item" time="0.385" /><testcase classname="backend.tests.test_backup_restore.TestBackupRestore" name="test_restore_skips_existing_item" time="0.582" /><testcase classname="backend.tests.test_backup_restore.TestBackupRestore" name="test_restore_marketing_dna" time="0.319" /><testcase classname="backend.tests.test_backup_restore.TestBackupRestore" name="test_restore_returns_restored_counts" time="0.334" /><testcase classname="backend.tests.test_backup_restore.TestRegressionAPIs" name="test_folders_still_work" time="0.171" /><testcase classname="backend.tests.test_backup_restore.TestRegressionAPIs" name="test_content_items_still_work" time="0.112" /><testcase classname="backend.tests.test_backup_restore.TestRegressionAPIs" name="test_marketing_dna_still_works" time="0.133" /><testcase classname="backend.tests.test_backup_restore.TestPWAFilesRegression" name="test_manifest_still_served" time="0.108" /><testcase classname="backend.tests.test_backup_restore.TestPWAFilesRegression" name="test_service_worker_still_served" time="0.112" /><testcase classname="backend.tests.test_backup_restore.TestPWAFilesRegression" name="test_icon_192_still_served" time="0.117" /></testsuite></testsuites>